<?xml version="1.0" encoding="UTF-8"?>
<!-- Generated by org.testng.reporters.JUnitReportReporter -->
<testsuite hostname="Angel-Maria" failures="0" tests="1" name="script.ListaPrueba" time="0.208" errors="0" timestamp="2022-10-07T10:32:07 CLST" skipped="0">
  <testcase classname="script.ListaPrueba" name="f" time="0.208"/>
  <system-out/>
</testsuite> <!-- script.ListaPrueba -->
